<?xml version="1.0" encoding="UTF-8"?>
<!-- Generated by org.testng.reporters.JUnitXMLReporter -->
<testsuite hostname="CSMBHUD256" ignored="0" name="Test" tests="72" failures="0" timestamp="2022-06-02T14:47:45 IST" time="0.415" errors="0">
  <testcase name="@BeforeClass openBrowser" time="0.011" classname="com.JANAADHAAR.GenericsLibrary.BaseTest">
    <failure type="java.lang.NoClassDefFoundError" message="org/apache/hc/core5/http/ClassicHttpRequest">
      <![CDATA[java.lang.NoClassDefFoundError: org/apache/hc/core5/http/ClassicHttpRequest
at com.JANAADHAAR.GenericsLibrary.BaseTest.openBrowser(BaseTest.java:20)
at java.util.ArrayList.forEach(ArrayList.java:1257)
Caused by: java.lang.ClassNotFoundException: org.apache.hc.core5.http.ClassicHttpRequest
at java.net.URLClassLoader.findClass(URLClassLoader.java:381)
at java.lang.ClassLoader.loadClass(ClassLoader.java:424)
at sun.misc.Launcher$AppClassLoader.loadClass(Launcher.java:349)
at java.lang.ClassLoader.loadClass(ClassLoader.java:357)
... 27 more
... Removed 25 stack frames]]>
    </failure>
  </testcase> <!-- @BeforeClass openBrowser -->
  <testcase name="@AfterClass closeBrowser" time="-1.654161465097E9" classname="com.JANAADHAAR.GenericsLibrary.BaseTest">
    <skipped/>
  </testcase> <!-- @AfterClass closeBrowser -->
  <testcase name="@BeforeClass openBrowser" time="0.001" classname="com.JANAADHAAR.GenericsLibrary.BaseTest">
    <failure type="java.lang.NoClassDefFoundError" message="org/apache/hc/core5/http/ClassicHttpRequest">
      <![CDATA[java.lang.NoClassDefFoundError: org/apache/hc/core5/http/ClassicHttpRequest
at com.JANAADHAAR.GenericsLibrary.BaseTest.openBrowser(BaseTest.java:20)
at java.util.ArrayList.forEach(ArrayList.java:1257)
Caused by: java.lang.ClassNotFoundException: org.apache.hc.core5.http.ClassicHttpRequest
at java.net.URLClassLoader.findClass(URLClassLoader.java:381)
at java.lang.ClassLoader.loadClass(ClassLoader.java:424)
at sun.misc.Launcher$AppClassLoader.loadClass(Launcher.java:349)
at java.lang.ClassLoader.loadClass(ClassLoader.java:357)
... 27 more
... Removed 25 stack frames]]>
    </failure>
  </testcase> <!-- @BeforeClass openBrowser -->
  <testcase name="@AfterClass closeBrowser" time="-1.654161465125E9" classname="com.JANAADHAAR.GenericsLibrary.BaseTest">
    <skipped/>
  </testcase> <!-- @AfterClass closeBrowser -->
  <testcase name="@BeforeClass openBrowser" time="0.001" classname="com.JANAADHAAR.GenericsLibrary.BaseTest">
    <failure type="java.lang.NoClassDefFoundError" message="org/apache/hc/core5/http/ClassicHttpRequest">
      <![CDATA[java.lang.NoClassDefFoundError: org/apache/hc/core5/http/ClassicHttpRequest
at com.JANAADHAAR.GenericsLibrary.BaseTest.openBrowser(BaseTest.java:20)
at java.util.ArrayList.forEach(ArrayList.java:1257)
Caused by: java.lang.ClassNotFoundException: org.apache.hc.core5.http.ClassicHttpRequest
at java.net.URLClassLoader.findClass(URLClassLoader.java:381)
at java.lang.ClassLoader.loadClass(ClassLoader.java:424)
at sun.misc.Launcher$AppClassLoader.loadClass(Launcher.java:349)
at java.lang.ClassLoader.loadClass(ClassLoader.java:357)
... 27 more
... Removed 25 stack frames]]>
    </failure>
  </testcase> <!-- @BeforeClass openBrowser -->
  <testcase name="@AfterClass closeBrowser" time="-1.654161465302E9" classname="com.JANAADHAAR.GenericsLibrary.BaseTest">
    <skipped/>
  </testcase> <!-- @AfterClass closeBrowser -->
  <testcase name="@BeforeClass openBrowser" time="0.001" classname="com.JANAADHAAR.GenericsLibrary.BaseTest">
    <failure type="java.lang.NoClassDefFoundError" message="org/apache/hc/core5/http/ClassicHttpRequest">
      <![CDATA[java.lang.NoClassDefFoundError: org/apache/hc/core5/http/ClassicHttpRequest
at com.JANAADHAAR.GenericsLibrary.BaseTest.openBrowser(BaseTest.java:20)
at java.util.ArrayList.forEach(ArrayList.java:1257)
Caused by: java.lang.ClassNotFoundException: org.apache.hc.core5.http.ClassicHttpRequest
at java.net.URLClassLoader.findClass(URLClassLoader.java:381)
at java.lang.ClassLoader.loadClass(ClassLoader.java:424)
at sun.misc.Launcher$AppClassLoader.loadClass(Launcher.java:349)
at java.lang.ClassLoader.loadClass(ClassLoader.java:357)
... 27 more
... Removed 25 stack frames]]>
    </failure>
  </testcase> <!-- @BeforeClass openBrowser -->
  <testcase name="@AfterClass closeBrowser" time="-1.65416146533E9" classname="com.JANAADHAAR.GenericsLibrary.BaseTest">
    <skipped/>
  </testcase> <!-- @AfterClass closeBrowser -->
  <testcase name="@BeforeClass openBrowser" time="0.001" classname="com.JANAADHAAR.GenericsLibrary.BaseTest">
    <failure type="java.lang.NoClassDefFoundError" message="org/apache/hc/core5/http/ClassicHttpRequest">
      <![CDATA[java.lang.NoClassDefFoundError: org/apache/hc/core5/http/ClassicHttpRequest
at com.JANAADHAAR.GenericsLibrary.BaseTest.openBrowser(BaseTest.java:20)
at java.util.ArrayList.forEach(ArrayList.java:1257)
Caused by: java.lang.ClassNotFoundException: org.apache.hc.core5.http.ClassicHttpRequest
at java.net.URLClassLoader.findClass(URLClassLoader.java:381)
at java.lang.ClassLoader.loadClass(ClassLoader.java:424)
at sun.misc.Launcher$AppClassLoader.loadClass(Launcher.java:349)
at java.lang.ClassLoader.loadClass(ClassLoader.java:357)
... 27 more
... Removed 25 stack frames]]>
    </failure>
  </testcase> <!-- @BeforeClass openBrowser -->
  <testcase name="@AfterClass closeBrowser" time="-1.654161465353E9" classname="com.JANAADHAAR.GenericsLibrary.BaseTest">
    <skipped/>
  </testcase> <!-- @AfterClass closeBrowser -->
  <testcase name="@BeforeClass openBrowser" time="0.001" classname="com.JANAADHAAR.GenericsLibrary.BaseTest">
    <failure type="java.lang.NoClassDefFoundError" message="org/apache/hc/core5/http/ClassicHttpRequest">
      <![CDATA[java.lang.NoClassDefFoundError: org/apache/hc/core5/http/ClassicHttpRequest
at com.JANAADHAAR.GenericsLibrary.BaseTest.openBrowser(BaseTest.java:20)
at java.util.ArrayList.forEach(ArrayList.java:1257)
Caused by: java.lang.ClassNotFoundException: org.apache.hc.core5.http.ClassicHttpRequest
at java.net.URLClassLoader.findClass(URLClassLoader.java:381)
at java.lang.ClassLoader.loadClass(ClassLoader.java:424)
at sun.misc.Launcher$AppClassLoader.loadClass(Launcher.java:349)
at java.lang.ClassLoader.loadClass(ClassLoader.java:357)
... 27 more
... Removed 25 stack frames]]>
    </failure>
  </testcase> <!-- @BeforeClass openBrowser -->
  <testcase name="@AfterClass closeBrowser" time="-1.654161465392E9" classname="com.JANAADHAAR.GenericsLibrary.BaseTest">
    <skipped/>
  </testcase> <!-- @AfterClass closeBrowser -->
  <testcase name="EnterBasicFamilyInformationScreen" time="0.0" classname="com.JANAADHAAR.Enrollment.DropdownCheck_BasicFamilyInformation">
    <skipped/>
  </testcase> <!-- EnterBasicFamilyInformationScreen -->
  <testcase name="SelectedDataShouldBeDisplayedForDistrict" time="0.0" classname="com.JANAADHAAR.Enrollment.DropdownCheck_BasicFamilyInformation">
    <skipped/>
  </testcase> <!-- SelectedDataShouldBeDisplayedForDistrict -->
  <testcase name="SelectedDataShouldBeDisplayedForCity" time="0.0" classname="com.JANAADHAAR.Enrollment.DropdownCheck_BasicFamilyInformation">
    <skipped/>
  </testcase> <!-- SelectedDataShouldBeDisplayedForCity -->
  <testcase name="SelectedDataShouldBeDisplayedForWardNo" time="0.0" classname="com.JANAADHAAR.Enrollment.DropdownCheck_BasicFamilyInformation">
    <skipped/>
  </testcase> <!-- SelectedDataShouldBeDisplayedForWardNo -->
  <testcase name="SelectedDataShouldBeDisplayedForCategoryOfHouse" time="0.0" classname="com.JANAADHAAR.Enrollment.DropdownCheck_BasicFamilyInformation">
    <skipped/>
  </testcase> <!-- SelectedDataShouldBeDisplayedForCategoryOfHouse -->
  <testcase name="SelectedDataShouldBeDisplayedForConditionOfHouse" time="0.0" classname="com.JANAADHAAR.Enrollment.DropdownCheck_BasicFamilyInformation">
    <skipped/>
  </testcase> <!-- SelectedDataShouldBeDisplayedForConditionOfHouse -->
  <testcase name="SelectedDataShouldBeDisplayedForGasAgency" time="0.0" classname="com.JANAADHAAR.Enrollment.DropdownCheck_BasicFamilyInformation">
    <skipped/>
  </testcase> <!-- SelectedDataShouldBeDisplayedForGasAgency -->
  <testcase name="EnterBasicFamilyInformationScreen" time="0.0" classname="com.JANAADHAAR.Enrollment.MandatoryCheck_BasicFamilyInformation">
    <skipped/>
  </testcase> <!-- EnterBasicFamilyInformationScreen -->
  <testcase name="MandatoryCheckForPincode" time="0.0" classname="com.JANAADHAAR.Enrollment.MandatoryCheck_BasicFamilyInformation">
    <skipped/>
  </testcase> <!-- MandatoryCheckForPincode -->
  <testcase name="MandatoryCheckForDistrict" time="0.0" classname="com.JANAADHAAR.Enrollment.MandatoryCheck_BasicFamilyInformation">
    <skipped/>
  </testcase> <!-- MandatoryCheckForDistrict -->
  <testcase name="MandatoryCheckForCity" time="0.0" classname="com.JANAADHAAR.Enrollment.MandatoryCheck_BasicFamilyInformation">
    <skipped/>
  </testcase> <!-- MandatoryCheckForCity -->
  <testcase name="MandatoryCheckForWard" time="0.0" classname="com.JANAADHAAR.Enrollment.MandatoryCheck_BasicFamilyInformation">
    <skipped/>
  </testcase> <!-- MandatoryCheckForWard -->
  <testcase name="EnterBasicFamilyInformationScreen" time="0.0" classname="com.JANAADHAAR.Enrollment.WhiteSpaceCheck_BasicFamilyInformation">
    <skipped/>
  </testcase> <!-- EnterBasicFamilyInformationScreen -->
  <testcase name="WhiteSpaceCheckInitialForPincode" time="0.0" classname="com.JANAADHAAR.Enrollment.WhiteSpaceCheck_BasicFamilyInformation">
    <skipped/>
  </testcase> <!-- WhiteSpaceCheckInitialForPincode -->
  <testcase name="WhiteSpaceCheckLastForPincode" time="0.0" classname="com.JANAADHAAR.Enrollment.WhiteSpaceCheck_BasicFamilyInformation">
    <skipped/>
  </testcase> <!-- WhiteSpaceCheckLastForPincode -->
  <testcase name="WhiteSpaceCheckInitialForHouseNo" time="0.0" classname="com.JANAADHAAR.Enrollment.WhiteSpaceCheck_BasicFamilyInformation">
    <skipped/>
  </testcase> <!-- WhiteSpaceCheckInitialForHouseNo -->
  <testcase name="WhiteSpaceCheckLastForHouseNo" time="0.0" classname="com.JANAADHAAR.Enrollment.WhiteSpaceCheck_BasicFamilyInformation">
    <skipped/>
  </testcase> <!-- WhiteSpaceCheckLastForHouseNo -->
  <testcase name="WhiteSpaceCheckInitialForStreetEng" time="0.0" classname="com.JANAADHAAR.Enrollment.WhiteSpaceCheck_BasicFamilyInformation">
    <skipped/>
  </testcase> <!-- WhiteSpaceCheckInitialForStreetEng -->
  <testcase name="WhiteSpaceCheckInitialForPlaceEng" time="0.0" classname="com.JANAADHAAR.Enrollment.WhiteSpaceCheck_BasicFamilyInformation">
    <skipped/>
  </testcase> <!-- WhiteSpaceCheckInitialForPlaceEng -->
  <testcase name="WhiteSpaceCheckLastForStreetEng" time="0.0" classname="com.JANAADHAAR.Enrollment.WhiteSpaceCheck_BasicFamilyInformation">
    <skipped/>
  </testcase> <!-- WhiteSpaceCheckLastForStreetEng -->
  <testcase name="WhiteSpaceCheckLastForPlaceEng" time="0.0" classname="com.JANAADHAAR.Enrollment.WhiteSpaceCheck_BasicFamilyInformation">
    <skipped/>
  </testcase> <!-- WhiteSpaceCheckLastForPlaceEng -->
  <testcase name="WhiteSpaceCheckInitialForLandmarkEng" time="0.0" classname="com.JANAADHAAR.Enrollment.WhiteSpaceCheck_BasicFamilyInformation">
    <skipped/>
  </testcase> <!-- WhiteSpaceCheckInitialForLandmarkEng -->
  <testcase name="WhiteSpaceCheckLastForLandmarkEng" time="0.0" classname="com.JANAADHAAR.Enrollment.WhiteSpaceCheck_BasicFamilyInformation">
    <skipped/>
  </testcase> <!-- WhiteSpaceCheckLastForLandmarkEng -->
  <testcase name="WhiteSpaceCheckInitialForDurationOfStay" time="0.0" classname="com.JANAADHAAR.Enrollment.WhiteSpaceCheck_BasicFamilyInformation">
    <skipped/>
  </testcase> <!-- WhiteSpaceCheckInitialForDurationOfStay -->
  <testcase name="WhiteSpaceCheckLastForDurationOfStay" time="0.0" classname="com.JANAADHAAR.Enrollment.WhiteSpaceCheck_BasicFamilyInformation">
    <skipped/>
  </testcase> <!-- WhiteSpaceCheckLastForDurationOfStay -->
  <testcase name="WhiteSpaceCheckInitialForTelephoneNo" time="0.0" classname="com.JANAADHAAR.Enrollment.WhiteSpaceCheck_BasicFamilyInformation">
    <skipped/>
  </testcase> <!-- WhiteSpaceCheckInitialForTelephoneNo -->
  <testcase name="WhiteSpaceCheckLastForTelephoneNo" time="0.0" classname="com.JANAADHAAR.Enrollment.WhiteSpaceCheck_BasicFamilyInformation">
    <skipped/>
  </testcase> <!-- WhiteSpaceCheckLastForTelephoneNo -->
  <testcase name="WhiteSpaceCheckInitialForElectricityBillNo" time="0.0" classname="com.JANAADHAAR.Enrollment.WhiteSpaceCheck_BasicFamilyInformation">
    <skipped/>
  </testcase> <!-- WhiteSpaceCheckInitialForElectricityBillNo -->
  <testcase name="WhiteSpaceCheckLastForElectricityBillNo" time="0.0" classname="com.JANAADHAAR.Enrollment.WhiteSpaceCheck_BasicFamilyInformation">
    <skipped/>
  </testcase> <!-- WhiteSpaceCheckLastForElectricityBillNo -->
  <testcase name="WhiteSpaceCheckInitialForWaterBillNo" time="0.0" classname="com.JANAADHAAR.Enrollment.WhiteSpaceCheck_BasicFamilyInformation">
    <skipped/>
  </testcase> <!-- WhiteSpaceCheckInitialForWaterBillNo -->
  <testcase name="WhiteSpaceCheckLastForWaterBillNo" time="0.0" classname="com.JANAADHAAR.Enrollment.WhiteSpaceCheck_BasicFamilyInformation">
    <skipped/>
  </testcase> <!-- WhiteSpaceCheckLastForWaterBillNo -->
  <testcase name="WhiteSpaceCheckInitialForBPLNo" time="0.0" classname="com.JANAADHAAR.Enrollment.WhiteSpaceCheck_BasicFamilyInformation">
    <skipped/>
  </testcase> <!-- WhiteSpaceCheckInitialForBPLNo -->
  <testcase name="WhiteSpaceCheckInitialForGasConnectionNo" time="0.0" classname="com.JANAADHAAR.Enrollment.WhiteSpaceCheck_BasicFamilyInformation">
    <skipped/>
  </testcase> <!-- WhiteSpaceCheckInitialForGasConnectionNo -->
  <testcase name="WhiteSpaceCheckLastForBPLNo" time="0.0" classname="com.JANAADHAAR.Enrollment.WhiteSpaceCheck_BasicFamilyInformation">
    <skipped/>
  </testcase> <!-- WhiteSpaceCheckLastForBPLNo -->
  <testcase name="WhiteSpaceCheckLastForGasConnectionNo" time="0.0" classname="com.JANAADHAAR.Enrollment.WhiteSpaceCheck_BasicFamilyInformation">
    <skipped/>
  </testcase> <!-- WhiteSpaceCheckLastForGasConnectionNo -->
  <testcase name="EnterBasicFamilyInformationScreen" time="0.0" classname="com.JANAADHAAR.Enrollment.AlphaNumericCharCheck_BasicFamilyInformation">
    <skipped/>
  </testcase> <!-- EnterBasicFamilyInformationScreen -->
  <testcase name="AlphabetsCharCheckForPincode" time="0.0" classname="com.JANAADHAAR.Enrollment.AlphaNumericCharCheck_BasicFamilyInformation">
    <skipped/>
  </testcase> <!-- AlphabetsCharCheckForPincode -->
  <testcase name="AlphaNumericCharCheckForHouseNo" time="0.0" classname="com.JANAADHAAR.Enrollment.AlphaNumericCharCheck_BasicFamilyInformation">
    <skipped/>
  </testcase> <!-- AlphaNumericCharCheckForHouseNo -->
  <testcase name="AlphaNumericCharCheckForStreetEng" time="0.0" classname="com.JANAADHAAR.Enrollment.AlphaNumericCharCheck_BasicFamilyInformation">
    <skipped/>
  </testcase> <!-- AlphaNumericCharCheckForStreetEng -->
  <testcase name="AlphaNumericCharCheckForPlaceEng" time="0.0" classname="com.JANAADHAAR.Enrollment.AlphaNumericCharCheck_BasicFamilyInformation">
    <skipped/>
  </testcase> <!-- AlphaNumericCharCheckForPlaceEng -->
  <testcase name="AlphaNumericCharCheckForLandmarkEng" time="0.0" classname="com.JANAADHAAR.Enrollment.AlphaNumericCharCheck_BasicFamilyInformation">
    <skipped/>
  </testcase> <!-- AlphaNumericCharCheckForLandmarkEng -->
  <testcase name="AlphabetsCharCheckForDurationOfStay" time="0.0" classname="com.JANAADHAAR.Enrollment.AlphaNumericCharCheck_BasicFamilyInformation">
    <skipped/>
  </testcase> <!-- AlphabetsCharCheckForDurationOfStay -->
  <testcase name="AlphabetsCharCheckForTelephoneNo" time="0.0" classname="com.JANAADHAAR.Enrollment.AlphaNumericCharCheck_BasicFamilyInformation">
    <skipped/>
  </testcase> <!-- AlphabetsCharCheckForTelephoneNo -->
  <testcase name="AlphanumericCharCheckForElectricityBillNo" time="0.0" classname="com.JANAADHAAR.Enrollment.AlphaNumericCharCheck_BasicFamilyInformation">
    <skipped/>
  </testcase> <!-- AlphanumericCharCheckForElectricityBillNo -->
  <testcase name="AlphaNumericCharCheckForWaterBillNo" time="0.0" classname="com.JANAADHAAR.Enrollment.AlphaNumericCharCheck_BasicFamilyInformation">
    <skipped/>
  </testcase> <!-- AlphaNumericCharCheckForWaterBillNo -->
  <testcase name="AlphaNumericCharCheckForGasConnectionNo" time="0.0" classname="com.JANAADHAAR.Enrollment.AlphaNumericCharCheck_BasicFamilyInformation">
    <skipped/>
  </testcase> <!-- AlphaNumericCharCheckForGasConnectionNo -->
  <testcase name="AlphaNumericCharCheckForBPLNo" time="0.0" classname="com.JANAADHAAR.Enrollment.AlphaNumericCharCheck_BasicFamilyInformation">
    <skipped/>
  </testcase> <!-- AlphaNumericCharCheckForBPLNo -->
  <testcase name="EnterBasicFamilyInformationScreen" time="0.0" classname="com.JANAADHAAR.Enrollment.LengthCheck_BasicFamilyInformation">
    <skipped/>
  </testcase> <!-- EnterBasicFamilyInformationScreen -->
  <testcase name="MaxLengthCheckForPincode" time="0.0" classname="com.JANAADHAAR.Enrollment.LengthCheck_BasicFamilyInformation">
    <skipped/>
  </testcase> <!-- MaxLengthCheckForPincode -->
  <testcase name="MaxLengthCheckForHouseNo" time="0.0" classname="com.JANAADHAAR.Enrollment.LengthCheck_BasicFamilyInformation">
    <skipped/>
  </testcase> <!-- MaxLengthCheckForHouseNo -->
  <testcase name="MaxLengthCheckForStreetEng" time="0.0" classname="com.JANAADHAAR.Enrollment.LengthCheck_BasicFamilyInformation">
    <skipped/>
  </testcase> <!-- MaxLengthCheckForStreetEng -->
  <testcase name="MaxLengthCheckForPlaceEng" time="0.0" classname="com.JANAADHAAR.Enrollment.LengthCheck_BasicFamilyInformation">
    <skipped/>
  </testcase> <!-- MaxLengthCheckForPlaceEng -->
  <testcase name="MaxLengthCheckForLandmarkEng" time="0.0" classname="com.JANAADHAAR.Enrollment.LengthCheck_BasicFamilyInformation">
    <skipped/>
  </testcase> <!-- MaxLengthCheckForLandmarkEng -->
  <testcase name="MaxLengthCheckForDurationOfStay" time="0.0" classname="com.JANAADHAAR.Enrollment.LengthCheck_BasicFamilyInformation">
    <skipped/>
  </testcase> <!-- MaxLengthCheckForDurationOfStay -->
  <testcase name="MinLengthCheckForTelephoneNo" time="0.0" classname="com.JANAADHAAR.Enrollment.LengthCheck_BasicFamilyInformation">
    <skipped/>
  </testcase> <!-- MinLengthCheckForTelephoneNo -->
  <testcase name="MaxLengthCheckForTelephoneNo" time="0.0" classname="com.JANAADHAAR.Enrollment.LengthCheck_BasicFamilyInformation">
    <skipped/>
  </testcase> <!-- MaxLengthCheckForTelephoneNo -->
  <testcase name="MaxLengthCheckForElectricityBillNo" time="0.0" classname="com.JANAADHAAR.Enrollment.LengthCheck_BasicFamilyInformation">
    <skipped/>
  </testcase> <!-- MaxLengthCheckForElectricityBillNo -->
  <testcase name="MaxLengthCheckForGasConnectionNo" time="0.0" classname="com.JANAADHAAR.Enrollment.LengthCheck_BasicFamilyInformation">
    <skipped/>
  </testcase> <!-- MaxLengthCheckForGasConnectionNo -->
  <testcase name="MaxLengthCheckForWaterBillNo" time="0.0" classname="com.JANAADHAAR.Enrollment.LengthCheck_BasicFamilyInformation">
    <skipped/>
  </testcase> <!-- MaxLengthCheckForWaterBillNo -->
  <testcase name="MaxLengthCheckForBPLNo" time="0.0" classname="com.JANAADHAAR.Enrollment.LengthCheck_BasicFamilyInformation">
    <skipped/>
  </testcase> <!-- MaxLengthCheckForBPLNo -->
  <testcase name="EnterBasicFamilyInformationScreen" time="0.0" classname="com.JANAADHAAR.Enrollment.SpecialCharCheck_BasicFamilyInformation">
    <skipped/>
  </testcase> <!-- EnterBasicFamilyInformationScreen -->
  <testcase name="SpecialCharCheckForPincode" time="0.0" classname="com.JANAADHAAR.Enrollment.SpecialCharCheck_BasicFamilyInformation">
    <skipped/>
  </testcase> <!-- SpecialCharCheckForPincode -->
  <testcase name="SpecialCharCheckForHouseNo" time="0.0" classname="com.JANAADHAAR.Enrollment.SpecialCharCheck_BasicFamilyInformation">
    <skipped/>
  </testcase> <!-- SpecialCharCheckForHouseNo -->
  <testcase name="SpecialCharCheckForStreetEng" time="0.0" classname="com.JANAADHAAR.Enrollment.SpecialCharCheck_BasicFamilyInformation">
    <skipped/>
  </testcase> <!-- SpecialCharCheckForStreetEng -->
  <testcase name="SpecialCharCheckForPlaceEng" time="0.0" classname="com.JANAADHAAR.Enrollment.SpecialCharCheck_BasicFamilyInformation">
    <skipped/>
  </testcase> <!-- SpecialCharCheckForPlaceEng -->
  <testcase name="SpecialCharCheckForLandmarkEng" time="0.0" classname="com.JANAADHAAR.Enrollment.SpecialCharCheck_BasicFamilyInformation">
    <skipped/>
  </testcase> <!-- SpecialCharCheckForLandmarkEng -->
  <testcase name="SpecialCharCheckForDurationOfStay" time="0.0" classname="com.JANAADHAAR.Enrollment.SpecialCharCheck_BasicFamilyInformation">
    <skipped/>
  </testcase> <!-- SpecialCharCheckForDurationOfStay -->
  <testcase name="SpecialCharCheckForTelephoneNo" time="0.0" classname="com.JANAADHAAR.Enrollment.SpecialCharCheck_BasicFamilyInformation">
    <skipped/>
  </testcase> <!-- SpecialCharCheckForTelephoneNo -->
  <testcase name="SpecialCharCheckForElectricityBillNo" time="0.0" classname="com.JANAADHAAR.Enrollment.SpecialCharCheck_BasicFamilyInformation">
    <skipped/>
  </testcase> <!-- SpecialCharCheckForElectricityBillNo -->
  <testcase name="SpecialCharCheckForWaterBillNo" time="0.0" classname="com.JANAADHAAR.Enrollment.SpecialCharCheck_BasicFamilyInformation">
    <skipped/>
  </testcase> <!-- SpecialCharCheckForWaterBillNo -->
  <testcase name="SpecialCharCheckForGasConnectionNo" time="0.0" classname="com.JANAADHAAR.Enrollment.SpecialCharCheck_BasicFamilyInformation">
    <skipped/>
  </testcase> <!-- SpecialCharCheckForGasConnectionNo -->
  <testcase name="SpecialCharCheckForBPLNo" time="0.0" classname="com.JANAADHAAR.Enrollment.SpecialCharCheck_BasicFamilyInformation">
    <skipped/>
  </testcase> <!-- SpecialCharCheckForBPLNo -->
</testsuite> <!-- Test -->
