<?xml version="1.0" encoding="UTF-8"?>
<testng-results skipped="0" failed="0" ignored="0" total="2" passed="2">
  <reporter-output>
  </reporter-output>
  <suite name="Default suite" duration-ms="39229" started-at="2023-04-06T15:48:48 IST" finished-at="2023-04-06T15:49:27 IST">
    <groups>
    </groups>
    <test name="Default test" duration-ms="39229" started-at="2023-04-06T15:48:48 IST" finished-at="2023-04-06T15:49:27 IST">
      <class name="Praticecode.Hashmap">
        <test-method status="PASS" signature="applyforgrievance()[pri:1, instance:Praticecode.Hashmap@57e1b0c]" name="applyforgrievance" duration-ms="22537" started-at="2023-04-06T15:48:48 IST" finished-at="2023-04-06T15:49:11 IST">
          <reporter-output>
          </reporter-output>
        </test-method> <!-- applyforgrievance -->
        <test-method status="PASS" signature="checkstatus()[pri:2, instance:Praticecode.Hashmap@57e1b0c]" name="checkstatus" duration-ms="16658" started-at="2023-04-06T15:49:11 IST" finished-at="2023-04-06T15:49:27 IST">
          <reporter-output>
          </reporter-output>
        </test-method> <!-- checkstatus -->
      </class> <!-- Praticecode.Hashmap -->
    </test> <!-- Default test -->
  </suite> <!-- Default suite -->
</testng-results>
